[0207/134207.354:INFO:CONSOLE(1)] "marketingtech.adobe.launch.environment invalid. Falling back to "production".", source: https://www.adobe.com/marketingtech/main.min.js (1)
[0207/134207.831:INFO:CONSOLE(19)] "🚀 container.buildInfo.environment is deprecated.Please use `container.environment.stage` instead", source: https://assets.adobedtm.com/launch-EN919758db9a654a17bac7d184b99c4820.min.js (19)
[0207/134208.268:INFO:CONSOLE(6)] "[object Object]", source: https://workflow.licenses.adobe.com/main.js (6)
[0207/134208.417:INFO:CONSOLE(6)] "[object Object]", source: https://workflow.licenses.adobe.com/main.js (6)
[0207/134214.106:INFO:CONSOLE(6)] "[object Object]", source: https://workflow.licenses.adobe.com/main.js (6)
[0209/091215.446:INFO:CONSOLE(1)] "marketingtech.adobe.launch.environment invalid. Falling back to "production".", source: https://www.adobe.com/marketingtech/main.min.js (1)
[0209/091216.056:INFO:CONSOLE(19)] "🚀 container.buildInfo.environment is deprecated.Please use `container.environment.stage` instead", source: https://assets.adobedtm.com/launch-EN919758db9a654a17bac7d184b99c4820.min.js (19)
[0209/091216.409:INFO:CONSOLE(6)] "[object Object]", source: https://workflow.licenses.adobe.com/main.js (6)
[0209/091216.510:INFO:CONSOLE(6)] "[object Object]", source: https://workflow.licenses.adobe.com/main.js (6)
[0209/091218.878:INFO:CONSOLE(6)] "[object Object]", source: https://workflow.licenses.adobe.com/main.js (6)
[0209/091219.187:WARNING:spdy_session.cc(3391)] Received HEADERS for invalid stream 1
[0209/091227.428:INFO:CONSOLE(1)] "marketingtech.adobe.launch.environment invalid. Falling back to "production".", source: https://www.adobe.com/marketingtech/main.min.js (1)
[0209/091227.896:INFO:CONSOLE(19)] "🚀 container.buildInfo.environment is deprecated.Please use `container.environment.stage` instead", source: https://assets.adobedtm.com/launch-EN919758db9a654a17bac7d184b99c4820.min.js (19)
[0209/091228.150:INFO:CONSOLE(6)] "[object Object]", source: https://workflow.licenses.adobe.com/main.js (6)
[0209/091228.188:INFO:CONSOLE(6)] "[object Object]", source: https://workflow.licenses.adobe.com/main.js (6)
[0209/091540.659:INFO:CONSOLE(6)] "[object Object]", source: https://workflow.licenses.adobe.com/main.js (6)
[0209/091549.215:INFO:CONSOLE(1)] "marketingtech.adobe.launch.environment invalid. Falling back to "production".", source: https://www.adobe.com/marketingtech/main.min.js (1)
[0209/091549.597:INFO:CONSOLE(19)] "🚀 container.buildInfo.environment is deprecated.Please use `container.environment.stage` instead", source: https://assets.adobedtm.com/launch-EN919758db9a654a17bac7d184b99c4820.min.js (19)
[0209/091550.133:INFO:CONSOLE(6)] "[object Object]", source: https://workflow.licenses.adobe.com/main.js (6)
[0209/091550.463:INFO:CONSOLE(6)] "[object Object]", source: https://workflow.licenses.adobe.com/main.js (6)
[0209/103607.327:INFO:CONSOLE(1)] "marketingtech.adobe.launch.environment invalid. Falling back to "production".", source: https://www.adobe.com/marketingtech/main.min.js (1)
[0209/103611.605:INFO:CONSOLE(19)] "🚀 container.buildInfo.environment is deprecated.Please use `container.environment.stage` instead", source: https://assets.adobedtm.com/launch-EN919758db9a654a17bac7d184b99c4820.min.js (19)
[0209/103612.082:INFO:CONSOLE(6)] "[object Object]", source: https://workflow.licenses.adobe.com/main.js (6)
[0209/103612.310:INFO:CONSOLE(6)] "[object Object]", source: https://workflow.licenses.adobe.com/main.js (6)
[0209/103615.823:INFO:CONSOLE(6)] "[object Object]", source: https://workflow.licenses.adobe.com/main.js (6)
[0209/103625.180:INFO:CONSOLE(1)] "marketingtech.adobe.launch.environment invalid. Falling back to "production".", source: https://www.adobe.com/marketingtech/main.min.js (1)
[0209/103625.920:INFO:CONSOLE(19)] "🚀 container.buildInfo.environment is deprecated.Please use `container.environment.stage` instead", source: https://assets.adobedtm.com/launch-EN919758db9a654a17bac7d184b99c4820.min.js (19)
[0209/103625.992:INFO:CONSOLE(6)] "[object Object]", source: https://workflow.licenses.adobe.com/main.js (6)
[0209/103626.041:INFO:CONSOLE(6)] "[object Object]", source: https://workflow.licenses.adobe.com/main.js (6)
[0209/103627.784:INFO:CONSOLE(6)] "[object Object]", source: https://workflow.licenses.adobe.com/main.js (6)
[0209/103628.539:ERROR:command_buffer_proxy_impl.cc(122)] ContextResult::kTransientFailure: Failed to send GpuChannelMsg_CreateCommandBuffer.
[0209/103636.416:INFO:CONSOLE(1)] "marketingtech.adobe.launch.environment invalid. Falling back to "production".", source: https://www.adobe.com/marketingtech/main.min.js (1)
[0209/103636.903:INFO:CONSOLE(19)] "🚀 container.buildInfo.environment is deprecated.Please use `container.environment.stage` instead", source: https://assets.adobedtm.com/launch-EN919758db9a654a17bac7d184b99c4820.min.js (19)
[0209/103637.213:INFO:CONSOLE(6)] "[object Object]", source: https://workflow.licenses.adobe.com/main.js (6)
[0209/103637.294:INFO:CONSOLE(6)] "[object Object]", source: https://workflow.licenses.adobe.com/main.js (6)
[0209/104716.265:INFO:CONSOLE(1)] "marketingtech.adobe.launch.environment invalid. Falling back to "production".", source: https://www.adobe.com/marketingtech/main.min.js (1)
[0209/104717.014:INFO:CONSOLE(19)] "🚀 container.buildInfo.environment is deprecated.Please use `container.environment.stage` instead", source: https://assets.adobedtm.com/launch-EN919758db9a654a17bac7d184b99c4820.min.js (19)
[0209/104717.361:INFO:CONSOLE(6)] "[object Object]", source: https://workflow.licenses.adobe.com/main.js (6)
[0209/104717.513:INFO:CONSOLE(6)] "[object Object]", source: https://workflow.licenses.adobe.com/main.js (6)
